#
# There is insufficient memory for the Java Runtime Environment to continue.
# Native memory allocation (mmap) failed to map 524288000 bytes for G1 virtual space
# Possible reasons:
#   The system is out of physical RAM or swap space
#   The process is running with CompressedOops enabled, and the Java Heap may be blocking the growth of the native heap
# Possible solutions:
#   Reduce memory load on the system
#   Increase physical memory or swap space
#   Check if swap backing store is full
#   Decrease Java heap size (-Xmx/-Xms)
#   Decrease number of Java threads
#   Decrease Java thread stack sizes (-Xss)
#   Set larger code cache with -XX:ReservedCodeCacheSize=
#   JVM is running with Zero Based Compressed Oops mode in which the Java heap is
#     placed in the first 32GB address space. The Java Heap base address is the
#     maximum limit for the native heap growth. Please use -XX:HeapBaseMinAddress
#     to set the Java Heap base and to place the Java Heap above 32GB virtual address.
# This output file may be truncated or incomplete.
#
#  Out of Memory Error (os_windows.cpp:3829), pid=788, tid=37340
#
# JRE version:  (17.0.8+7) (build )
# Java VM: OpenJDK 64-Bit Server VM (17.0.8+7-b1000.8, mixed mode, sharing, tiered, compressed oops, compressed class ptrs, g1 gc, windows-amd64)
# No core dump will be written. Minidumps are not enabled by default on client versions of Windows
#

---------------  S U M M A R Y ------------

Command Line: externalApp.nativessh.NativeSshAskPassApp Enter passphrase for key '/cygdrive/c/Users/es016131/.ssh/id_rsa4096': 

Host: 11th Gen Intel(R) Core(TM) i7-11850H @ 2.50GHz, 16 cores, 31G,  Windows 10 , 64 bit Build 19041 (10.0.19041.3636)
Time: Tue Dec  5 15:35:23 2023 W. Europe Standard Time elapsed time: 0.068839 seconds (0d 0h 0m 0s)

---------------  T H R E A D  ---------------

Current thread (0x000002c4a8e7e810):  JavaThread "Unknown thread" [_thread_in_vm, id=37340, stack(0x000000d899400000,0x000000d899500000)]

Stack: [0x000000d899400000,0x000000d899500000]
Native frames: (J=compiled Java code, j=interpreted, Vv=VM code, C=native code)
V  [jvm.dll+0x6852da]
V  [jvm.dll+0x844c84]
V  [jvm.dll+0x84659e]
V  [jvm.dll+0x846c03]
V  [jvm.dll+0x24b7cf]
V  [jvm.dll+0x682049]
V  [jvm.dll+0x67671a]
V  [jvm.dll+0x30be2b]
V  [jvm.dll+0x3132d6]
V  [jvm.dll+0x36302e]
V  [jvm.dll+0x36325f]
V  [jvm.dll+0x2e1f48]
V  [jvm.dll+0x2e2eb4]
V  [jvm.dll+0x815c11]
V  [jvm.dll+0x370df1]
V  [jvm.dll+0x7f4fdc]
V  [jvm.dll+0x3f3f1f]
V  [jvm.dll+0x3f5b31]
C  [jli.dll+0x528f]
C  [ucrtbase.dll+0x21bb2]
C  [KERNEL32.DLL+0x17344]
C  [ntdll.dll+0x526b1]


---------------  P R O C E S S  ---------------

Threads class SMR info:
_java_thread_list=0x00007ffceca50098, length=0, elements={
}

Java Threads: ( => current thread )

Other Threads:
  0x000002c4ab036fe0 GCTaskThread "GC Thread#0" [stack: 0x000000d899500000,0x000000d899600000] [id=33564]
  0x000002c4ab0478f0 ConcurrentGCThread "G1 Main Marker" [stack: 0x000000d899600000,0x000000d899700000] [id=6384]
  0x000002c4ab048aa0 ConcurrentGCThread "G1 Conc#0" [stack: 0x000000d899700000,0x000000d899800000] [id=19932]

[error occurred during error reporting (printing all threads), id 0xc0000005, EXCEPTION_ACCESS_VIOLATION (0xc0000005) at pc=0x00007ffcec202ab7]

VM state: not at safepoint (not fully initialized)

VM Mutex/Monitor currently owned by a thread:  ([mutex/lock_event])
[0x000002c4aaf8c7f0] Heap_lock - owner thread: 0x000002c4a8e7e810

Heap address: 0x000000060c800000, size: 7992 MB, Compressed Oops mode: Zero based, Oop shift amount: 3

CDS archive(s) mapped at: [0x0000000000000000-0x0000000000000000-0x0000000000000000), size 0, SharedBaseAddress: 0x0000000800000000, ArchiveRelocationMode: 1.
Narrow klass base: 0x0000000000000000, Narrow klass shift: 0, Narrow klass range: 0x0

GC Precious Log:
<Empty>

Heap:
 garbage-first heap   total 0K, used 0K [0x000000060c800000, 0x0000000800000000)
  region size 4096K, 0 young (0K), 0 survivors (0K)
 Metaspace       used 0K, committed 0K, reserved 0K
  class space    used 0K, committed 0K, reserved 0K

Heap Regions: E=young(eden), S=young(survivor), O=old, HS=humongous(starts), HC=humongous(continues), CS=collection set, F=free, OA=open archive, CA=closed archive, TAMS=top-at-mark-start (previous, next)

Card table byte_map: [0x000002c4bef30000,0x000002c4bfed0000] _byte_map_base: 0x000002c4bbecc000

Marking Bits (Prev, Next): (CMBitMap*) 0x000002c4ab037600, (CMBitMap*) 0x000002c4ab037640
 Prev Bits: [0x000002c4c0e70000, 0x000002c4c8b50000)
 Next Bits: [0x000002c4c8b50000, 0x000002c4d0830000)

GC Heap History (0 events):
No events

Dll operation events (1 events):
Event: 0.024 Loaded shared library C:\Users\es016131\AppData\Local\Programs\PyCharm Community\jbr\bin\java.dll

Deoptimization events (0 events):
No events

Classes unloaded (0 events):
No events

Classes redefined (0 events):
No events

Internal exceptions (0 events):
No events

VM Operations (0 events):
No events

Events (0 events):
No events


Dynamic libraries:
0x00007ff7dbe40000 - 0x00007ff7dbe4a000 	C:\Users\es016131\AppData\Local\Programs\PyCharm Community\jbr\bin\java.exe
0x00007ffd7c270000 - 0x00007ffd7c468000 	C:\Windows\SYSTEM32\ntdll.dll
0x00007ffd7bda0000 - 0x00007ffd7be5d000 	C:\Windows\System32\KERNEL32.DLL
0x00007ffd79cd0000 - 0x00007ffd79fc6000 	C:\Windows\System32\KERNELBASE.dll
0x00007ffd7a1d0000 - 0x00007ffd7a2d0000 	C:\Windows\System32\ucrtbase.dll
0x00007ffd67130000 - 0x00007ffd67147000 	C:\Users\es016131\AppData\Local\Programs\PyCharm Community\jbr\bin\jli.dll
0x00007ffd6b330000 - 0x00007ffd6b34b000 	C:\Users\es016131\AppData\Local\Programs\PyCharm Community\jbr\bin\VCRUNTIME140.dll
0x00007ffd7ad40000 - 0x00007ffd7aede000 	C:\Windows\System32\USER32.dll
0x00007ffd79fd0000 - 0x00007ffd79ff2000 	C:\Windows\System32\win32u.dll
0x00007ffd64f30000 - 0x00007ffd651ca000 	C:\Windows\WinSxS\amd64_microsoft.windows.common-controls_6595b64144ccf1df_6.0.19041.3636_none_60b6a03d71f818d5\COMCTL32.dll
0x00007ffd7b500000 - 0x00007ffd7b52c000 	C:\Windows\System32\GDI32.dll
0x00007ffd7b2e0000 - 0x00007ffd7b37e000 	C:\Windows\System32\msvcrt.dll
0x00007ffd7a0b0000 - 0x00007ffd7a1ca000 	C:\Windows\System32\gdi32full.dll
0x00007ffd79ad0000 - 0x00007ffd79b6d000 	C:\Windows\System32\msvcp_win.dll
0x00007ffd7a450000 - 0x00007ffd7a480000 	C:\Windows\System32\IMM32.DLL
0x00007ffd71e90000 - 0x00007ffd71e9c000 	C:\Users\es016131\AppData\Local\Programs\PyCharm Community\jbr\bin\vcruntime140_1.dll
0x00007ffd67770000 - 0x00007ffd677fd000 	C:\Users\es016131\AppData\Local\Programs\PyCharm Community\jbr\bin\msvcp140.dll
0x00007ffcebf10000 - 0x00007ffcecb93000 	C:\Users\es016131\AppData\Local\Programs\PyCharm Community\jbr\bin\server\jvm.dll
0x00007ffd7a3a0000 - 0x00007ffd7a44f000 	C:\Windows\System32\ADVAPI32.dll
0x00007ffd7aee0000 - 0x00007ffd7af7c000 	C:\Windows\System32\sechost.dll
0x00007ffd7b140000 - 0x00007ffd7b266000 	C:\Windows\System32\RPCRT4.dll
0x00007ffd78da0000 - 0x00007ffd78deb000 	C:\Windows\SYSTEM32\POWRPROF.dll
0x00007ffd71a00000 - 0x00007ffd71a0a000 	C:\Windows\SYSTEM32\VERSION.dll
0x00007ffd63190000 - 0x00007ffd631b7000 	C:\Windows\SYSTEM32\WINMM.dll
0x00007ffd64970000 - 0x00007ffd64979000 	C:\Windows\SYSTEM32\WSOCK32.dll
0x00007ffd7b270000 - 0x00007ffd7b2db000 	C:\Windows\System32\WS2_32.dll
0x00007ffd78d30000 - 0x00007ffd78d42000 	C:\Windows\SYSTEM32\UMPDC.dll
0x00007ffd773f0000 - 0x00007ffd77402000 	C:\Windows\SYSTEM32\kernel.appcore.dll
0x00007ffd71db0000 - 0x00007ffd71dba000 	C:\Users\es016131\AppData\Local\Programs\PyCharm Community\jbr\bin\jimage.dll
0x00007ffd6d940000 - 0x00007ffd6db24000 	C:\Windows\SYSTEM32\DBGHELP.DLL
0x00007ffd6dc70000 - 0x00007ffd6dca4000 	C:\Windows\SYSTEM32\dbgcore.DLL
0x00007ffd79950000 - 0x00007ffd799d2000 	C:\Windows\System32\bcryptPrimitives.dll
0x00007ffd6f8e0000 - 0x00007ffd6f905000 	C:\Users\es016131\AppData\Local\Programs\PyCharm Community\jbr\bin\java.dll

dbghelp: loaded successfully - version: 4.0.5 - missing functions: none
symbol engine: initialized successfully - sym options: 0x614 - pdb path: .;C:\Users\es016131\AppData\Local\Programs\PyCharm Community\jbr\bin;C:\Windows\SYSTEM32;C:\Windows\WinSxS\amd64_microsoft.windows.common-controls_6595b64144ccf1df_6.0.19041.3636_none_60b6a03d71f818d5;C:\Users\es016131\AppData\Local\Programs\PyCharm Community\jbr\bin\server

VM Arguments:
java_command: externalApp.nativessh.NativeSshAskPassApp Enter passphrase for key '/cygdrive/c/Users/es016131/.ssh/id_rsa4096': 
java_class_path (initial): C:/Users/es016131/AppData/Local/Programs/PyCharm Community/lib/externalProcess-rt.jar
Launcher Type: SUN_STANDARD

[Global flags]
     intx CICompilerCount                          = 12                                        {product} {ergonomic}
     uint ConcGCThreads                            = 3                                         {product} {ergonomic}
     uint G1ConcRefinementThreads                  = 13                                        {product} {ergonomic}
   size_t G1HeapRegionSize                         = 4194304                                   {product} {ergonomic}
    uintx GCDrainStackTargetSize                   = 64                                        {product} {ergonomic}
   size_t InitialHeapSize                          = 524288000                                 {product} {ergonomic}
   size_t MarkStackSize                            = 4194304                                   {product} {ergonomic}
   size_t MaxHeapSize                              = 8380219392                                {product} {ergonomic}
   size_t MinHeapDeltaBytes                        = 4194304                                   {product} {ergonomic}
   size_t MinHeapSize                              = 8388608                                   {product} {ergonomic}
    uintx NonNMethodCodeHeapSize                   = 7602480                                {pd product} {ergonomic}
    uintx NonProfiledCodeHeapSize                  = 122027880                              {pd product} {ergonomic}
    uintx ProfiledCodeHeapSize                     = 122027880                              {pd product} {ergonomic}
    uintx ReservedCodeCacheSize                    = 251658240                              {pd product} {ergonomic}
     bool SegmentedCodeCache                       = true                                      {product} {ergonomic}
   size_t SoftMaxHeapSize                          = 8380219392                             {manageable} {ergonomic}
     bool UseCompressedClassPointers               = true                           {product lp64_product} {ergonomic}
     bool UseCompressedOops                        = true                           {product lp64_product} {ergonomic}
     bool UseG1GC                                  = true                                      {product} {ergonomic}
     bool UseLargePagesIndividualAllocation        = false                                  {pd product} {ergonomic}

Logging:
Log output configuration:
 #0: stdout all=warning uptime,level,tags
 #1: stderr all=off uptime,level,tags

Environment Variables:
PATH=C:\cygwin64\usr\libexec\git-core;C:\Users\es016131\personal\AdventOfCode2023\venv\Scripts;C:\Python312\Scripts;C:\Python312;C:\Python311\Scripts;C:\Python311;C:\cygwin64\bin;C:\Windows\system32;C:\Windows;C:\Windows\System32\Wbem;C:\Windows\System32\WindowsPowerShell\v1.0;C:\Windows\System32\OpenSSH;C:\Program Files (x86)\NVIDIA Corporation\PhysX\Common;C:\Program Files\WindowsPowerShell\Scripts;C:\Program Files\dotnet;C:\ProgramData\chocolatey\bin;C:\Program Files\Docker\Docker\resources\bin;C:\ProgramData\DockerDesktop\version-bin;C:\Program Files\Amazon\AWSCLIV2;C:\Program Files\nodejs;C:\Program Files (x86)\GnuPG\bin;C:\Program Files\PuTTY;C:\tools\php82;C:\Program Files\TortoiseGit\bin;C:\Program Files\TortoiseSVN\bin;C:\Users\es016131\AppData\Local\JetBrains\Toolbox\scripts;C:\Program Files\Git\cmd;C:\Users\es016131\AppData\Local\Programs\Python\Python310\Scripts;C:\Users\es016131\AppData\Local\Programs\Python\Python310;C:\Users\es016131\AppData\Local\Microsoft\WindowsApps;C:\Program Files\JetBrains\GoLand 2022.1.3\bin;C:\Users\es016131\AppData\Local\JetBrains\Toolbox\scripts;C:\Users\es016131\AppData\Roaming\npm;C:\Users\es016131\go\go1.16.15\bin;C:\Users\es016131\AppData\Local\GitHubDesktop\bin
USERNAME=es016131
DISPLAY=:0.0
LC_ALL=en_US.UTF-8
TERM=xterm-256color
OS=Windows_NT
PROCESSOR_IDENTIFIER=Intel64 Family 6 Model 141 Stepping 1, GenuineIntel
TMP=C:\Users\es016131\AppData\Local\Temp
TEMP=C:\Users\es016131\AppData\Local\Temp


JNI global refs:
JNI global refs: 0, weak refs: 0

JNI global refs memory usage: 0, weak refs: 0

OOME stack traces (most recent first):
Classloader memory used:


---------------  S Y S T E M  ---------------

OS:
 Windows 10 , 64 bit Build 19041 (10.0.19041.3636)
OS uptime: 1 days 8:29 hours
Hyper-V role detected

CPU: total 16 (initial active 16) (8 cores per cpu, 2 threads per core) family 6 model 141 stepping 1 microcode 0x3c, cx8, cmov, fxsr, ht, mmx, 3dnowpref, sse, sse2, sse3, ssse3, sse4.1, sse4.2, popcnt, lzcnt, tsc, tscinvbit, avx, avx2, aes, erms, clmul, bmi1, bmi2, adx, avx512f, avx512dq, avx512cd, avx512bw, avx512vl, sha, fma, vzeroupper, avx512_vpopcntdq, avx512_vpclmulqdq, avx512_vaes, avx512_vnni, clflush, clflushopt, clwb, avx512_vbmi2, avx512_vbmi, hv
Processor Information for all 16 processors :
  Max Mhz: 2496, Current Mhz: 2496, Mhz Limit: 2496

Memory: 4k page, system-wide physical 31953M (545M free)
TotalPageFile size 130208M (AvailPageFile size 198M)
current process WorkingSet (physical memory assigned to process): 11M, peak: 11M
current process commit charge ("private bytes"): 71M, peak: 571M

vm_info: OpenJDK 64-Bit Server VM (17.0.8+7-b1000.8) for windows-amd64 JRE (17.0.8+7-b1000.8), built on 2023-08-04 by "builduser" with MS VC++ 16.10 / 16.11 (VS2019)

END.
